14:55:01.528	INFO	
14:55:01.528	INFO	
14:55:01.529	INFO	
14:55:01.529	INFO	
14:55:01.529	INFO	Compi	compi started
14:55:01.530	INFO	SNMP Started
14:55:01.531	INFO	AgentThread	Trap destination 192.168.1.124 added
14:55:02.057	INFO	Recorder	Device 0 found. Name is snd_rpi_hifiberry_digi: HifiBerry Digi HiFi wm8804-spdif-0 (hw:0,0)
14:55:02.064	INFO	Recorder	Stream opened: Latency 0.0928798 SampleRate 44100
14:55:02.064	INFO	Recorder	SamplesToHash=88200
14:55:02.065	INFO	Recorder	Recording started
14:55:02.356	INFO	Recorder	Input Okay: 2947691584
14:55:04.363	CRITICAL	Segmentation fault, aborting. 9
14:55:04.363	CRITICAL	0x3bd5c
14:55:04.374	CRITICAL	0xb69f0110
14:55:04.374	CRITICAL	0x36a5c
14:55:04.374	CRITICAL	0x36b10
14:55:04.374	CRITICAL	0x371f4
14:55:04.374	CRITICAL	0x3431c
14:55:04.374	CRITICAL	0x34500
14:55:04.374	CRITICAL	0x1eb90
14:55:04.374	CRITICAL	0xb69da718
